/home/lieberum/.conda/envs/minerl/lib/python3.8/site-packages/gym/logger.py:30: UserWarning: [33mWARN: Box bound precision lowered by casting to float32[0m
  warnings.warn(colorize('%s: %s'%('WARN', msg % args), 'yellow'))
Saving logs and model to /home/lieberum/minerl/run_logs/DynamicsModel/MineRLTreechopVectorObf-v0
Encoder img_shapes: [(64, 64), (31, 31), (15, 15), (7, 7), (3, 3)]

Image sizes for deconv: [(3, 3), (7, 7), (15, 15), (31, 31), (64, 64)]

Loading data of MineRLTreechopVectorObf-v0 from /home/lieberum/minerl/data/numpy_data..

num train samples = 101072 --> 506 train batches
num val samples = 11230
GPU available: True, used: True
TPU available: False, using: 0 TPU cores
LOCAL_RANK: 0 - CUDA_VISIBLE_DEVICES: [0,1]
Set SLURM handle signals.

  | Name       | Type                 | Params
----------------------------------------------------
0 | VAE        | ConvVAE              | 2.5 M 
1 | base_model | DynamicsBaseModel    | 788 K 
2 | criterion  | MSELoss              | 0     
3 | merge      | MergeFramesWithBatch | 0     
4 | split      | SplitFramesFromBatch | 0     
----------------------------------------------------
3.3 M     Trainable params
0         Non-trainable params
3.3 M     Total params
13.057    Total estimated model params size (MB)
/home/lieberum/.conda/envs/minerl/lib/python3.8/site-packages/torch/nn/functional.py:718: UserWarning: Named tensors and all their associated APIs are an experimental feature and subject to change. Please do not use them for anything important until they are released as stable. (Triggered internally at  /opt/conda/conda-bld/pytorch_1623448278899/work/c10/core/TensorImpl.h:1156.)
  return torch.max_pool2d(input, kernel_size, stride, padding, dilation, ceil_mode)
srun: Job step aborted: Waiting up to 32 seconds for job step to finish.
slurmstepd: error: *** JOB 7892144 ON r30n7 CANCELLED AT 2021-07-17T21:26:20 DUE TO TIME LIMIT ***
slurmstepd: error: *** STEP 7892144.0 ON r30n7 CANCELLED AT 2021-07-17T21:26:20 DUE TO TIME LIMIT ***
